  croutine.c
  event_groups.c
F:\BRANKO\branko\Četvrta Godina\Autoelektronika\Autoelektronika-projekat\Autoelektronika-main\Projekat_radi_sve\Starter\FreeRTOS\event_groups.c(198,2): warning C4566: character represented by universal-character-name '\u010C' cannot be represented in the current code page (1252)
F:\BRANKO\branko\Četvrta Godina\Autoelektronika\Autoelektronika-projekat\Autoelektronika-main\Projekat_radi_sve\Starter\FreeRTOS\event_groups.c(199,2): warning C4566: character represented by universal-character-name '\u010C' cannot be represented in the current code page (1252)
F:\BRANKO\branko\Četvrta Godina\Autoelektronika\Autoelektronika-projekat\Autoelektronika-main\Projekat_radi_sve\Starter\FreeRTOS\event_groups.c(202,3): warning C4566: character represented by universal-character-name '\u010C' cannot be represented in the current code page (1252)
F:\BRANKO\branko\Četvrta Godina\Autoelektronika\Autoelektronika-projekat\Autoelektronika-main\Projekat_radi_sve\Starter\FreeRTOS\event_groups.c(320,2): warning C4566: character represented by universal-character-name '\u010C' cannot be represented in the current code page (1252)
F:\BRANKO\branko\Četvrta Godina\Autoelektronika\Autoelektronika-projekat\Autoelektronika-main\Projekat_radi_sve\Starter\FreeRTOS\event_groups.c(321,2): warning C4566: character represented by universal-character-name '\u010C' cannot be represented in the current code page (1252)
F:\BRANKO\branko\Četvrta Godina\Autoelektronika\Autoelektronika-projekat\Autoelektronika-main\Projekat_radi_sve\Starter\FreeRTOS\event_groups.c(322,2): warning C4566: character represented by universal-character-name '\u010C' cannot be represented in the current code page (1252)
F:\BRANKO\branko\Četvrta Godina\Autoelektronika\Autoelektronika-projekat\Autoelektronika-main\Projekat_radi_sve\Starter\FreeRTOS\event_groups.c(325,3): warning C4566: character represented by universal-character-name '\u010C' cannot be represented in the current code page (1252)
F:\BRANKO\branko\Četvrta Godina\Autoelektronika\Autoelektronika-projekat\Autoelektronika-main\Projekat_radi_sve\Starter\FreeRTOS\event_groups.c(468,2): warning C4566: character represented by universal-character-name '\u010C' cannot be represented in the current code page (1252)
F:\BRANKO\branko\Četvrta Godina\Autoelektronika\Autoelektronika-projekat\Autoelektronika-main\Projekat_radi_sve\Starter\FreeRTOS\event_groups.c(469,2): warning C4566: character represented by universal-character-name '\u010C' cannot be represented in the current code page (1252)
F:\BRANKO\branko\Četvrta Godina\Autoelektronika\Autoelektronika-projekat\Autoelektronika-main\Projekat_radi_sve\Starter\FreeRTOS\event_groups.c(530,2): warning C4566: character represented by universal-character-name '\u010C' cannot be represented in the current code page (1252)
F:\BRANKO\branko\Četvrta Godina\Autoelektronika\Autoelektronika-projekat\Autoelektronika-main\Projekat_radi_sve\Starter\FreeRTOS\event_groups.c(531,2): warning C4566: character represented by universal-character-name '\u010C' cannot be represented in the current code page (1252)
F:\BRANKO\branko\Četvrta Godina\Autoelektronika\Autoelektronika-projekat\Autoelektronika-main\Projekat_radi_sve\Starter\FreeRTOS\event_groups.c(626,4): warning C4566: character represented by universal-character-name '\u010C' cannot be represented in the current code page (1252)
  list.c
  heap_4.c
F:\BRANKO\branko\Četvrta Godina\Autoelektronika\Autoelektronika-projekat\Autoelektronika-main\Projekat_radi_sve\Starter\FreeRTOS\portable\MemMang\heap_4.c(149,6): warning C4566: character represented by universal-character-name '\u010C' cannot be represented in the current code page (1252)
F:\BRANKO\branko\Četvrta Godina\Autoelektronika\Autoelektronika-projekat\Autoelektronika-main\Projekat_radi_sve\Starter\FreeRTOS\portable\MemMang\heap_4.c(194,7): warning C4566: character represented by universal-character-name '\u010C' cannot be represented in the current code page (1252)
F:\BRANKO\branko\Četvrta Godina\Autoelektronika\Autoelektronika-projekat\Autoelektronika-main\Projekat_radi_sve\Starter\FreeRTOS\portable\MemMang\heap_4.c(258,2): warning C4566: character represented by universal-character-name '\u010C' cannot be represented in the current code page (1252)
F:\BRANKO\branko\Četvrta Godina\Autoelektronika\Autoelektronika-projekat\Autoelektronika-main\Projekat_radi_sve\Starter\FreeRTOS\portable\MemMang\heap_4.c(278,3): warning C4566: character represented by universal-character-name '\u010C' cannot be represented in the current code page (1252)
F:\BRANKO\branko\Četvrta Godina\Autoelektronika\Autoelektronika-projekat\Autoelektronika-main\Projekat_radi_sve\Starter\FreeRTOS\portable\MemMang\heap_4.c(279,3): warning C4566: character represented by universal-character-name '\u010C' cannot be represented in the current code page (1252)
  extint.c
F:\BRANKO\branko\Četvrta Godina\Autoelektronika\Autoelektronika-projekat\Autoelektronika-main\Projekat_radi_sve\Starter\FreeRTOS\portable\MSVC\extint.c(15,2): warning C4566: character represented by universal-character-name '\u010C' cannot be represented in the current code page (1252)
F:\BRANKO\branko\Četvrta Godina\Autoelektronika\Autoelektronika-projekat\Autoelektronika-main\Projekat_radi_sve\Starter\FreeRTOS\portable\MSVC\extint.c(17,2): warning C4566: character represented by universal-character-name '\u010C' cannot be represented in the current code page (1252)
F:\BRANKO\branko\Četvrta Godina\Autoelektronika\Autoelektronika-projekat\Autoelektronika-main\Projekat_radi_sve\Starter\FreeRTOS\portable\MSVC\extint.c(23,2): warning C4566: character represented by universal-character-name '\u010C' cannot be represented in the current code page (1252)
  port.c
F:\BRANKO\branko\Četvrta Godina\Autoelektronika\Autoelektronika-projekat\Autoelektronika-main\Projekat_radi_sve\Starter\FreeRTOS\portable\MSVC\port.c(168,3): warning C4566: character represented by universal-character-name '\u010C' cannot be represented in the current code page (1252)
F:\BRANKO\branko\Četvrta Godina\Autoelektronika\Autoelektronika-projekat\Autoelektronika-main\Projekat_radi_sve\Starter\FreeRTOS\portable\MSVC\port.c(228,2): warning C4566: character represented by universal-character-name '\u010C' cannot be represented in the current code page (1252)
F:\BRANKO\branko\Četvrta Godina\Autoelektronika\Autoelektronika-projekat\Autoelektronika-main\Projekat_radi_sve\Starter\FreeRTOS\portable\MSVC\port.c(363,2): warning C4566: character represented by universal-character-name '\u010C' cannot be represented in the current code page (1252)
F:\BRANKO\branko\Četvrta Godina\Autoelektronika\Autoelektronika-projekat\Autoelektronika-main\Projekat_radi_sve\Starter\FreeRTOS\portable\MSVC\port.c(480,3): warning C4566: character represented by universal-character-name '\u010C' cannot be represented in the current code page (1252)
F:\BRANKO\branko\Četvrta Godina\Autoelektronika\Autoelektronika-projekat\Autoelektronika-main\Projekat_radi_sve\Starter\FreeRTOS\portable\MSVC\port.c(483,3): warning C4566: character represented by universal-character-name '\u010C' cannot be represented in the current code page (1252)
F:\BRANKO\branko\Četvrta Godina\Autoelektronika\Autoelektronika-projekat\Autoelektronika-main\Projekat_radi_sve\Starter\FreeRTOS\portable\MSVC\port.c(519,2): warning C4566: character represented by universal-character-name '\u010C' cannot be represented in the current code page (1252)
F:\BRANKO\branko\Četvrta Godina\Autoelektronika\Autoelektronika-projekat\Autoelektronika-main\Projekat_radi_sve\Starter\FreeRTOS\portable\MSVC\port.c(537,2): warning C4566: character represented by universal-character-name '\u010C' cannot be represented in the current code page (1252)
F:\BRANKO\branko\Četvrta Godina\Autoelektronika\Autoelektronika-projekat\Autoelektronika-main\Projekat_radi_sve\Starter\FreeRTOS\portable\MSVC\port.c(613,5): warning C4566: character represented by universal-character-name '\u010C' cannot be represented in the current code page (1252)
F:\BRANKO\branko\Četvrta Godina\Autoelektronika\Autoelektronika-projekat\Autoelektronika-main\Projekat_radi_sve\Starter\FreeRTOS\portable\MSVC\port.c(634,4): warning C4566: character represented by universal-character-name '\u010C' cannot be represented in the current code page (1252)
  queue.c
F:\BRANKO\branko\Četvrta Godina\Autoelektronika\Autoelektronika-projekat\Autoelektronika-main\Projekat_radi_sve\Starter\FreeRTOS\queue.c(259,2): warning C4566: character represented by universal-character-name '\u010C' cannot be represented in the current code page (1252)
F:\BRANKO\branko\Četvrta Godina\Autoelektronika\Autoelektronika-projekat\Autoelektronika-main\Projekat_radi_sve\Starter\FreeRTOS\queue.c(374,3): warning C4566: character represented by universal-character-name '\u010C' cannot be represented in the current code page (1252)
F:\BRANKO\branko\Četvrta Godina\Autoelektronika\Autoelektronika-projekat\Autoelektronika-main\Projekat_radi_sve\Starter\FreeRTOS\queue.c(574,3): warning C4566: character represented by universal-character-name '\u010C' cannot be represented in the current code page (1252)
F:\BRANKO\branko\Četvrta Godina\Autoelektronika\Autoelektronika-projekat\Autoelektronika-main\Projekat_radi_sve\Starter\FreeRTOS\queue.c(601,3): warning C4566: character represented by universal-character-name '\u010C' cannot be represented in the current code page (1252)
F:\BRANKO\branko\Četvrta Godina\Autoelektronika\Autoelektronika-projekat\Autoelektronika-main\Projekat_radi_sve\Starter\FreeRTOS\queue.c(656,3): warning C4566: character represented by universal-character-name '\u010C' cannot be represented in the current code page (1252)
F:\BRANKO\branko\Četvrta Godina\Autoelektronika\Autoelektronika-projekat\Autoelektronika-main\Projekat_radi_sve\Starter\FreeRTOS\queue.c(725,3): warning C4566: character represented by universal-character-name '\u010C' cannot be represented in the current code page (1252)
F:\BRANKO\branko\Četvrta Godina\Autoelektronika\Autoelektronika-projekat\Autoelektronika-main\Projekat_radi_sve\Starter\FreeRTOS\queue.c(726,3): warning C4566: character represented by universal-character-name '\u010C' cannot be represented in the current code page (1252)
F:\BRANKO\branko\Četvrta Godina\Autoelektronika\Autoelektronika-projekat\Autoelektronika-main\Projekat_radi_sve\Starter\FreeRTOS\queue.c(753,2): warning C4566: character represented by universal-character-name '\u010C' cannot be represented in the current code page (1252)
F:\BRANKO\branko\Četvrta Godina\Autoelektronika\Autoelektronika-projekat\Autoelektronika-main\Projekat_radi_sve\Starter\FreeRTOS\queue.c(754,2): warning C4566: character represented by universal-character-name '\u010C' cannot be represented in the current code page (1252)
F:\BRANKO\branko\Četvrta Godina\Autoelektronika\Autoelektronika-projekat\Autoelektronika-main\Projekat_radi_sve\Starter\FreeRTOS\queue.c(755,2): warning C4566: character represented by universal-character-name '\u010C' cannot be represented in the current code page (1252)
F:\BRANKO\branko\Četvrta Godina\Autoelektronika\Autoelektronika-projekat\Autoelektronika-main\Projekat_radi_sve\Starter\FreeRTOS\queue.c(758,3): warning C4566: character represented by universal-character-name '\u010C' cannot be represented in the current code page (1252)
F:\BRANKO\branko\Četvrta Godina\Autoelektronika\Autoelektronika-projekat\Autoelektronika-main\Projekat_radi_sve\Starter\FreeRTOS\queue.c(963,2): warning C4566: character represented by universal-character-name '\u010C' cannot be represented in the current code page (1252)
F:\BRANKO\branko\Četvrta Godina\Autoelektronika\Autoelektronika-projekat\Autoelektronika-main\Projekat_radi_sve\Starter\FreeRTOS\queue.c(964,2): warning C4566: character represented by universal-character-name '\u010C' cannot be represented in the current code page (1252)
F:\BRANKO\branko\Četvrta Godina\Autoelektronika\Autoelektronika-projekat\Autoelektronika-main\Projekat_radi_sve\Starter\FreeRTOS\queue.c(965,2): warning C4566: character represented by universal-character-name '\u010C' cannot be represented in the current code page (1252)
F:\BRANKO\branko\Četvrta Godina\Autoelektronika\Autoelektronika-projekat\Autoelektronika-main\Projekat_radi_sve\Starter\FreeRTOS\queue.c(1120,2): warning C4566: character represented by universal-character-name '\u010C' cannot be represented in the current code page (1252)
F:\BRANKO\branko\Četvrta Godina\Autoelektronika\Autoelektronika-projekat\Autoelektronika-main\Projekat_radi_sve\Starter\FreeRTOS\queue.c(1124,2): warning C4566: character represented by universal-character-name '\u010C' cannot be represented in the current code page (1252)
F:\BRANKO\branko\Četvrta Godina\Autoelektronika\Autoelektronika-projekat\Autoelektronika-main\Projekat_radi_sve\Starter\FreeRTOS\queue.c(1129,2): warning C4566: character represented by universal-character-name '\u010C' cannot be represented in the current code page (1252)
F:\BRANKO\branko\Četvrta Godina\Autoelektronika\Autoelektronika-projekat\Autoelektronika-main\Projekat_radi_sve\Starter\FreeRTOS\queue.c(1280,2): warning C4566: character represented by universal-character-name '\u010C' cannot be represented in the current code page (1252)
F:\BRANKO\branko\Četvrta Godina\Autoelektronika\Autoelektronika-projekat\Autoelektronika-main\Projekat_radi_sve\Starter\FreeRTOS\queue.c(1284,2): warning C4566: character represented by universal-character-name '\u010C' cannot be represented in the current code page (1252)
F:\BRANKO\branko\Četvrta Godina\Autoelektronika\Autoelektronika-projekat\Autoelektronika-main\Projekat_radi_sve\Starter\FreeRTOS\queue.c(1289,3): warning C4566: character represented by universal-character-name '\u010C' cannot be represented in the current code page (1252)
F:\BRANKO\branko\Četvrta Godina\Autoelektronika\Autoelektronika-projekat\Autoelektronika-main\Projekat_radi_sve\Starter\FreeRTOS\queue.c(1425,2): warning C4566: character represented by universal-character-name '\u010C' cannot be represented in the current code page (1252)
F:\BRANKO\branko\Četvrta Godina\Autoelektronika\Autoelektronika-projekat\Autoelektronika-main\Projekat_radi_sve\Starter\FreeRTOS\queue.c(1429,2): warning C4566: character represented by universal-character-name '\u010C' cannot be represented in the current code page (1252)
F:\BRANKO\branko\Četvrta Godina\Autoelektronika\Autoelektronika-projekat\Autoelektronika-main\Projekat_radi_sve\Starter\FreeRTOS\queue.c(1434,3): warning C4566: character represented by universal-character-name '\u010C' cannot be represented in the current code page (1252)
F:\BRANKO\branko\Četvrta Godina\Autoelektronika\Autoelektronika-projekat\Autoelektronika-main\Projekat_radi_sve\Starter\FreeRTOS\queue.c(1505,7): warning C4566: character represented by universal-character-name '\u010C' cannot be represented in the current code page (1252)
F:\BRANKO\branko\Četvrta Godina\Autoelektronika\Autoelektronika-projekat\Autoelektronika-main\Projekat_radi_sve\Starter\FreeRTOS\queue.c(1640,2): warning C4566: character represented by universal-character-name '\u010C' cannot be represented in the current code page (1252)
F:\BRANKO\branko\Četvrta Godina\Autoelektronika\Autoelektronika-projekat\Autoelektronika-main\Projekat_radi_sve\Starter\FreeRTOS\queue.c(1644,2): warning C4566: character represented by universal-character-name '\u010C' cannot be represented in the current code page (1252)
F:\BRANKO\branko\Četvrta Godina\Autoelektronika\Autoelektronika-projekat\Autoelektronika-main\Projekat_radi_sve\Starter\FreeRTOS\queue.c(1649,3): warning C4566: character represented by universal-character-name '\u010C' cannot be represented in the current code page (1252)
F:\BRANKO\branko\Četvrta Godina\Autoelektronika\Autoelektronika-projekat\Autoelektronika-main\Projekat_radi_sve\Starter\FreeRTOS\queue.c(1787,2): warning C4566: character represented by universal-character-name '\u010C' cannot be represented in the current code page (1252)
F:\BRANKO\branko\Četvrta Godina\Autoelektronika\Autoelektronika-projekat\Autoelektronika-main\Projekat_radi_sve\Starter\FreeRTOS\queue.c(1788,2): warning C4566: character represented by universal-character-name '\u010C' cannot be represented in the current code page (1252)
F:\BRANKO\branko\Četvrta Godina\Autoelektronika\Autoelektronika-projekat\Autoelektronika-main\Projekat_radi_sve\Starter\FreeRTOS\queue.c(1879,2): warning C4566: character represented by universal-character-name '\u010C' cannot be represented in the current code page (1252)
F:\BRANKO\branko\Četvrta Godina\Autoelektronika\Autoelektronika-projekat\Autoelektronika-main\Projekat_radi_sve\Starter\FreeRTOS\queue.c(1880,2): warning C4566: character represented by universal-character-name '\u010C' cannot be represented in the current code page (1252)
F:\BRANKO\branko\Četvrta Godina\Autoelektronika\Autoelektronika-projekat\Autoelektronika-main\Projekat_radi_sve\Starter\FreeRTOS\queue.c(1881,2): warning C4566: character represented by universal-character-name '\u010C' cannot be represented in the current code page (1252)
F:\BRANKO\branko\Četvrta Godina\Autoelektronika\Autoelektronika-projekat\Autoelektronika-main\Projekat_radi_sve\Starter\FreeRTOS\queue.c(1930,2): warning C4566: character represented by universal-character-name '\u010C' cannot be represented in the current code page (1252)
F:\BRANKO\branko\Četvrta Godina\Autoelektronika\Autoelektronika-projekat\Autoelektronika-main\Projekat_radi_sve\Starter\FreeRTOS\queue.c(1947,2): warning C4566: character represented by universal-character-name '\u010C' cannot be represented in the current code page (1252)
F:\BRANKO\branko\Četvrta Godina\Autoelektronika\Autoelektronika-projekat\Autoelektronika-main\Projekat_radi_sve\Starter\FreeRTOS\queue.c(1964,2): warning C4566: character represented by universal-character-name '\u010C' cannot be represented in the current code page (1252)
F:\BRANKO\branko\Četvrta Godina\Autoelektronika\Autoelektronika-projekat\Autoelektronika-main\Projekat_radi_sve\Starter\FreeRTOS\queue.c(1975,2): warning C4566: character represented by universal-character-name '\u010C' cannot be represented in the current code page (1252)
F:\BRANKO\branko\Četvrta Godina\Autoelektronika\Autoelektronika-projekat\Autoelektronika-main\Projekat_radi_sve\Starter\FreeRTOS\queue.c(2313,2): warning C4566: character represented by universal-character-name '\u010C' cannot be represented in the current code page (1252)
F:\BRANKO\branko\Četvrta Godina\Autoelektronika\Autoelektronika-projekat\Autoelektronika-main\Projekat_radi_sve\Starter\FreeRTOS\queue.c(2353,2): warning C4566: character represented by universal-character-name '\u010C' cannot be represented in the current code page (1252)
F:\BRANKO\branko\Četvrta Godina\Autoelektronika\Autoelektronika-projekat\Autoelektronika-main\Projekat_radi_sve\Starter\FreeRTOS\queue.c(2885,3): warning C4566: character represented by universal-character-name '\u010C' cannot be represented in the current code page (1252)
F:\BRANKO\branko\Četvrta Godina\Autoelektronika\Autoelektronika-projekat\Autoelektronika-main\Projekat_radi_sve\Starter\FreeRTOS\queue.c(2886,3): warning C4566: character represented by universal-character-name '\u010C' cannot be represented in the current code page (1252)
  stream_buffer.c
F:\BRANKO\branko\Četvrta Godina\Autoelektronika\Autoelektronika-projekat\Autoelektronika-main\Projekat_radi_sve\Starter\FreeRTOS\stream_buffer.c(232,4): warning C4566: character represented by universal-character-name '\u010C' cannot be represented in the current code page (1252)
F:\BRANKO\branko\Četvrta Godina\Autoelektronika\Autoelektronika-projekat\Autoelektronika-main\Projekat_radi_sve\Starter\FreeRTOS\stream_buffer.c(238,4): warning C4566: character represented by universal-character-name '\u010C' cannot be represented in the current code page (1252)
F:\BRANKO\branko\Četvrta Godina\Autoelektronika\Autoelektronika-projekat\Autoelektronika-main\Projekat_radi_sve\Starter\FreeRTOS\stream_buffer.c(240,3): warning C4566: character represented by universal-character-name '\u010C' cannot be represented in the current code page (1252)
F:\BRANKO\branko\Četvrta Godina\Autoelektronika\Autoelektronika-projekat\Autoelektronika-main\Projekat_radi_sve\Starter\FreeRTOS\stream_buffer.c(363,2): warning C4566: character represented by universal-character-name '\u010C' cannot be represented in the current code page (1252)
F:\BRANKO\branko\Četvrta Godina\Autoelektronika\Autoelektronika-projekat\Autoelektronika-main\Projekat_radi_sve\Starter\FreeRTOS\stream_buffer.c(401,2): warning C4566: character represented by universal-character-name '\u010C' cannot be represented in the current code page (1252)
F:\BRANKO\branko\Četvrta Godina\Autoelektronika\Autoelektronika-projekat\Autoelektronika-main\Projekat_radi_sve\Starter\FreeRTOS\stream_buffer.c(446,2): warning C4566: character represented by universal-character-name '\u010C' cannot be represented in the current code page (1252)
F:\BRANKO\branko\Četvrta Godina\Autoelektronika\Autoelektronika-projekat\Autoelektronika-main\Projekat_radi_sve\Starter\FreeRTOS\stream_buffer.c(475,2): warning C4566: character represented by universal-character-name '\u010C' cannot be represented in the current code page (1252)
F:\BRANKO\branko\Četvrta Godina\Autoelektronika\Autoelektronika-projekat\Autoelektronika-main\Projekat_radi_sve\Starter\FreeRTOS\stream_buffer.c(499,2): warning C4566: character represented by universal-character-name '\u010C' cannot be represented in the current code page (1252)
F:\BRANKO\branko\Četvrta Godina\Autoelektronika\Autoelektronika-projekat\Autoelektronika-main\Projekat_radi_sve\Starter\FreeRTOS\stream_buffer.c(516,2): warning C4566: character represented by universal-character-name '\u010C' cannot be represented in the current code page (1252)
F:\BRANKO\branko\Četvrta Godina\Autoelektronika\Autoelektronika-projekat\Autoelektronika-main\Projekat_radi_sve\Starter\FreeRTOS\stream_buffer.c(517,2): warning C4566: character represented by universal-character-name '\u010C' cannot be represented in the current code page (1252)
F:\BRANKO\branko\Četvrta Godina\Autoelektronika\Autoelektronika-projekat\Autoelektronika-main\Projekat_radi_sve\Starter\FreeRTOS\stream_buffer.c(528,3): warning C4566: character represented by universal-character-name '\u010C' cannot be represented in the current code page (1252)
F:\BRANKO\branko\Četvrta Godina\Autoelektronika\Autoelektronika-projekat\Autoelektronika-main\Projekat_radi_sve\Starter\FreeRTOS\stream_buffer.c(553,6): warning C4566: character represented by universal-character-name '\u010C' cannot be represented in the current code page (1252)
F:\BRANKO\branko\Četvrta Godina\Autoelektronika\Autoelektronika-projekat\Autoelektronika-main\Projekat_radi_sve\Starter\FreeRTOS\stream_buffer.c(619,2): warning C4566: character represented by universal-character-name '\u010C' cannot be represented in the current code page (1252)
F:\BRANKO\branko\Četvrta Godina\Autoelektronika\Autoelektronika-projekat\Autoelektronika-main\Projekat_radi_sve\Starter\FreeRTOS\stream_buffer.c(620,2): warning C4566: character represented by universal-character-name '\u010C' cannot be represented in the current code page (1252)
F:\BRANKO\branko\Četvrta Godina\Autoelektronika\Autoelektronika-projekat\Autoelektronika-main\Projekat_radi_sve\Starter\FreeRTOS\stream_buffer.c(721,2): warning C4566: character represented by universal-character-name '\u010C' cannot be represented in the current code page (1252)
F:\BRANKO\branko\Četvrta Godina\Autoelektronika\Autoelektronika-projekat\Autoelektronika-main\Projekat_radi_sve\Starter\FreeRTOS\stream_buffer.c(722,2): warning C4566: character represented by universal-character-name '\u010C' cannot be represented in the current code page (1252)
F:\BRANKO\branko\Četvrta Godina\Autoelektronika\Autoelektronika-projekat\Autoelektronika-main\Projekat_radi_sve\Starter\FreeRTOS\stream_buffer.c(757,5): warning C4566: character represented by universal-character-name '\u010C' cannot be represented in the current code page (1252)
F:\BRANKO\branko\Četvrta Godina\Autoelektronika\Autoelektronika-projekat\Autoelektronika-main\Projekat_radi_sve\Starter\FreeRTOS\stream_buffer.c(823,2): warning C4566: character represented by universal-character-name '\u010C' cannot be represented in the current code page (1252)
F:\BRANKO\branko\Četvrta Godina\Autoelektronika\Autoelektronika-projekat\Autoelektronika-main\Projekat_radi_sve\Starter\FreeRTOS\stream_buffer.c(848,4): warning C4566: character represented by universal-character-name '\u010C' cannot be represented in the current code page (1252)
F:\BRANKO\branko\Četvrta Godina\Autoelektronika\Autoelektronika-projekat\Autoelektronika-main\Projekat_radi_sve\Starter\FreeRTOS\stream_buffer.c(869,2): warning C4566: character represented by universal-character-name '\u010C' cannot be represented in the current code page (1252)
F:\BRANKO\branko\Četvrta Godina\Autoelektronika\Autoelektronika-projekat\Autoelektronika-main\Projekat_radi_sve\Starter\FreeRTOS\stream_buffer.c(870,2): warning C4566: character represented by universal-character-name '\u010C' cannot be represented in the current code page (1252)
F:\BRANKO\branko\Četvrta Godina\Autoelektronika\Autoelektronika-projekat\Autoelektronika-main\Projekat_radi_sve\Starter\FreeRTOS\stream_buffer.c(976,2): warning C4566: character represented by universal-character-name '\u010C' cannot be represented in the current code page (1252)
F:\BRANKO\branko\Četvrta Godina\Autoelektronika\Autoelektronika-projekat\Autoelektronika-main\Projekat_radi_sve\Starter\FreeRTOS\stream_buffer.c(999,2): warning C4566: character represented by universal-character-name '\u010C' cannot be represented in the current code page (1252)
F:\BRANKO\branko\Četvrta Godina\Autoelektronika\Autoelektronika-projekat\Autoelektronika-main\Projekat_radi_sve\Starter\FreeRTOS\stream_buffer.c(1034,2): warning C4566: character represented by universal-character-name '\u010C' cannot be represented in the current code page (1252)
F:\BRANKO\branko\Četvrta Godina\Autoelektronika\Autoelektronika-projekat\Autoelektronika-main\Projekat_radi_sve\Starter\FreeRTOS\stream_buffer.c(1064,2): warning C4566: character represented by universal-character-name '\u010C' cannot be represented in the current code page (1252)
F:\BRANKO\branko\Četvrta Godina\Autoelektronika\Autoelektronika-projekat\Autoelektronika-main\Projekat_radi_sve\Starter\FreeRTOS\stream_buffer.c(1092,2): warning C4566: character represented by universal-character-name '\u010C' cannot be represented in the current code page (1252)
F:\BRANKO\branko\Četvrta Godina\Autoelektronika\Autoelektronika-projekat\Autoelektronika-main\Projekat_radi_sve\Starter\FreeRTOS\stream_buffer.c(1102,2): warning C4566: character represented by universal-character-name '\u010C' cannot be represented in the current code page (1252)
F:\BRANKO\branko\Četvrta Godina\Autoelektronika\Autoelektronika-projekat\Autoelektronika-main\Projekat_radi_sve\Starter\FreeRTOS\stream_buffer.c(1110,3): warning C4566: character represented by universal-character-name '\u010C' cannot be represented in the current code page (1252)
F:\BRANKO\branko\Četvrta Godina\Autoelektronika\Autoelektronika-projekat\Autoelektronika-main\Projekat_radi_sve\Starter\FreeRTOS\stream_buffer.c(1152,3): warning C4566: character represented by universal-character-name '\u010C' cannot be represented in the current code page (1252)
F:\BRANKO\branko\Četvrta Godina\Autoelektronika\Autoelektronika-projekat\Autoelektronika-main\Projekat_radi_sve\Starter\FreeRTOS\stream_buffer.c(1153,3): warning C4566: character represented by universal-character-name '\u010C' cannot be represented in the current code page (1252)
F:\BRANKO\branko\Četvrta Godina\Autoelektronika\Autoelektronika-projekat\Autoelektronika-main\Projekat_radi_sve\Starter\FreeRTOS\stream_buffer.c(1161,4): warning C4566: character represented by universal-character-name '\u010C' cannot be represented in the current code page (1252)
F:\BRANKO\branko\Četvrta Godina\Autoelektronika\Autoelektronika-projekat\Autoelektronika-main\Projekat_radi_sve\Starter\FreeRTOS\stream_buffer.c(1224,3): warning C4566: character represented by universal-character-name '\u010C' cannot be represented in the current code page (1252)
  tasks.c
F:\BRANKO\branko\Četvrta Godina\Autoelektronika\Autoelektronika-projekat\Autoelektronika-main\Projekat_radi_sve\Starter\FreeRTOS\tasks.c(865,3): warning C4566: character represented by universal-character-name '\u010C' cannot be represented in the current code page (1252)
F:\BRANKO\branko\Četvrta Godina\Autoelektronika\Autoelektronika-projekat\Autoelektronika-main\Projekat_radi_sve\Starter\FreeRTOS\tasks.c(1234,5): warning C4566: character represented by universal-character-name '\u010C' cannot be represented in the current code page (1252)
F:\BRANKO\branko\Četvrta Godina\Autoelektronika\Autoelektronika-projekat\Autoelektronika-main\Projekat_radi_sve\Starter\FreeRTOS\tasks.c(1254,3): warning C4566: character represented by universal-character-name '\u010C' cannot be represented in the current code page (1252)
F:\BRANKO\branko\Četvrta Godina\Autoelektronika\Autoelektronika-projekat\Autoelektronika-main\Projekat_radi_sve\Starter\FreeRTOS\tasks.c(1255,3): warning C4566: character represented by universal-character-name '\u010C' cannot be represented in the current code page (1252)
F:\BRANKO\branko\Četvrta Godina\Autoelektronika\Autoelektronika-projekat\Autoelektronika-main\Projekat_radi_sve\Starter\FreeRTOS\tasks.c(1256,3): warning C4566: character represented by universal-character-name '\u010C' cannot be represented in the current code page (1252)
F:\BRANKO\branko\Četvrta Godina\Autoelektronika\Autoelektronika-projekat\Autoelektronika-main\Projekat_radi_sve\Starter\FreeRTOS\tasks.c(1340,4): warning C4566: character represented by universal-character-name '\u010C' cannot be represented in the current code page (1252)
F:\BRANKO\branko\Četvrta Godina\Autoelektronika\Autoelektronika-projekat\Autoelektronika-main\Projekat_radi_sve\Starter\FreeRTOS\tasks.c(1384,3): warning C4566: character represented by universal-character-name '\u010C' cannot be represented in the current code page (1252)
F:\BRANKO\branko\Četvrta Godina\Autoelektronika\Autoelektronika-projekat\Autoelektronika-main\Projekat_radi_sve\Starter\FreeRTOS\tasks.c(1538,3): warning C4566: character represented by universal-character-name '\u010C' cannot be represented in the current code page (1252)
F:\BRANKO\branko\Četvrta Godina\Autoelektronika\Autoelektronika-projekat\Autoelektronika-main\Projekat_radi_sve\Starter\FreeRTOS\tasks.c(1764,5): warning C4566: character represented by universal-character-name '\u010C' cannot be represented in the current code page (1252)
F:\BRANKO\branko\Četvrta Godina\Autoelektronika\Autoelektronika-projekat\Autoelektronika-main\Projekat_radi_sve\Starter\FreeRTOS\tasks.c(1806,3): warning C4566: character represented by universal-character-name '\u010C' cannot be represented in the current code page (1252)
F:\BRANKO\branko\Četvrta Godina\Autoelektronika\Autoelektronika-projekat\Autoelektronika-main\Projekat_radi_sve\Starter\FreeRTOS\tasks.c(1848,3): warning C4566: character represented by universal-character-name '\u010C' cannot be represented in the current code page (1252)
F:\BRANKO\branko\Četvrta Godina\Autoelektronika\Autoelektronika-projekat\Autoelektronika-main\Projekat_radi_sve\Starter\FreeRTOS\tasks.c(1903,3): warning C4566: character represented by universal-character-name '\u010C' cannot be represented in the current code page (1252)
F:\BRANKO\branko\Četvrta Godina\Autoelektronika\Autoelektronika-projekat\Autoelektronika-main\Projekat_radi_sve\Starter\FreeRTOS\tasks.c(2080,3): warning C4566: character represented by universal-character-name '\u010C' cannot be represented in the current code page (1252)
F:\BRANKO\branko\Četvrta Godina\Autoelektronika\Autoelektronika-projekat\Autoelektronika-main\Projekat_radi_sve\Starter\FreeRTOS\tasks.c(2181,2): warning C4566: character represented by universal-character-name '\u010C' cannot be represented in the current code page (1252)
F:\BRANKO\branko\Četvrta Godina\Autoelektronika\Autoelektronika-projekat\Autoelektronika-main\Projekat_radi_sve\Starter\FreeRTOS\tasks.c(2345,2): warning C4566: character represented by universal-character-name '\u010C' cannot be represented in the current code page (1252)
F:\BRANKO\branko\Četvrta Godina\Autoelektronika\Autoelektronika-projekat\Autoelektronika-main\Projekat_radi_sve\Starter\FreeRTOS\tasks.c(2426,3): warning C4566: character represented by universal-character-name '\u010C' cannot be represented in the current code page (1252)
F:\BRANKO\branko\Četvrta Godina\Autoelektronika\Autoelektronika-projekat\Autoelektronika-main\Projekat_radi_sve\Starter\FreeRTOS\tasks.c(2563,3): warning C4566: character represented by universal-character-name '\u010C' cannot be represented in the current code page (1252)
F:\BRANKO\branko\Četvrta Godina\Autoelektronika\Autoelektronika-projekat\Autoelektronika-main\Projekat_radi_sve\Starter\FreeRTOS\tasks.c(2596,3): warning C4566: character represented by universal-character-name '\u010C' cannot be represented in the current code page (1252)
F:\BRANKO\branko\Četvrta Godina\Autoelektronika\Autoelektronika-projekat\Autoelektronika-main\Projekat_radi_sve\Starter\FreeRTOS\tasks.c(2687,4): warning C4566: character represented by universal-character-name '\u010C' cannot be represented in the current code page (1252)
F:\BRANKO\branko\Četvrta Godina\Autoelektronika\Autoelektronika-projekat\Autoelektronika-main\Projekat_radi_sve\Starter\FreeRTOS\tasks.c(2999,3): warning C4566: character represented by universal-character-name '\u010C' cannot be represented in the current code page (1252)
F:\BRANKO\branko\Četvrta Godina\Autoelektronika\Autoelektronika-projekat\Autoelektronika-main\Projekat_radi_sve\Starter\FreeRTOS\tasks.c(3022,2): warning C4566: character represented by universal-character-name '\u010C' cannot be represented in the current code page (1252)
F:\BRANKO\branko\Četvrta Godina\Autoelektronika\Autoelektronika-projekat\Autoelektronika-main\Projekat_radi_sve\Starter\FreeRTOS\tasks.c(3039,2): warning C4566: character represented by universal-character-name '\u010C' cannot be represented in the current code page (1252)
F:\BRANKO\branko\Četvrta Godina\Autoelektronika\Autoelektronika-projekat\Autoelektronika-main\Projekat_radi_sve\Starter\FreeRTOS\tasks.c(3043,2): warning C4566: character represented by universal-character-name '\u010C' cannot be represented in the current code page (1252)
F:\BRANKO\branko\Četvrta Godina\Autoelektronika\Autoelektronika-projekat\Autoelektronika-main\Projekat_radi_sve\Starter\FreeRTOS\tasks.c(3065,3): warning C4566: character represented by universal-character-name '\u010C' cannot be represented in the current code page (1252)
F:\BRANKO\branko\Četvrta Godina\Autoelektronika\Autoelektronika-projekat\Autoelektronika-main\Projekat_radi_sve\Starter\FreeRTOS\tasks.c(3113,2): warning C4566: character represented by universal-character-name '\u010C' cannot be represented in the current code page (1252)
F:\BRANKO\branko\Četvrta Godina\Autoelektronika\Autoelektronika-projekat\Autoelektronika-main\Projekat_radi_sve\Starter\FreeRTOS\tasks.c(3168,2): warning C4566: character represented by universal-character-name '\u010C' cannot be represented in the current code page (1252)
F:\BRANKO\branko\Četvrta Godina\Autoelektronika\Autoelektronika-projekat\Autoelektronika-main\Projekat_radi_sve\Starter\FreeRTOS\tasks.c(3176,2): warning C4566: character represented by universal-character-name '\u010C' cannot be represented in the current code page (1252)
F:\BRANKO\branko\Četvrta Godina\Autoelektronika\Autoelektronika-projekat\Autoelektronika-main\Projekat_radi_sve\Starter\FreeRTOS\tasks.c(3198,2): warning C4566: character represented by universal-character-name '\u010C' cannot be represented in the current code page (1252)
F:\BRANKO\branko\Četvrta Godina\Autoelektronika\Autoelektronika-projekat\Autoelektronika-main\Projekat_radi_sve\Starter\FreeRTOS\tasks.c(3220,2): warning C4566: character represented by universal-character-name '\u010C' cannot be represented in the current code page (1252)
F:\BRANKO\branko\Četvrta Godina\Autoelektronika\Autoelektronika-projekat\Autoelektronika-main\Projekat_radi_sve\Starter\FreeRTOS\tasks.c(3221,2): warning C4566: character represented by universal-character-name '\u010C' cannot be represented in the current code page (1252)
F:\BRANKO\branko\Četvrta Godina\Autoelektronika\Autoelektronika-projekat\Autoelektronika-main\Projekat_radi_sve\Starter\FreeRTOS\tasks.c(4049,4): warning C4566: character represented by universal-character-name '\u010C' cannot be represented in the current code page (1252)
F:\BRANKO\branko\Četvrta Godina\Autoelektronika\Autoelektronika-projekat\Autoelektronika-main\Projekat_radi_sve\Starter\FreeRTOS\tasks.c(4050,4): warning C4566: character represented by universal-character-name '\u010C' cannot be represented in the current code page (1252)
F:\BRANKO\branko\Četvrta Godina\Autoelektronika\Autoelektronika-projekat\Autoelektronika-main\Projekat_radi_sve\Starter\FreeRTOS\tasks.c(4128,4): warning C4566: character represented by universal-character-name '\u010C' cannot be represented in the current code page (1252)
F:\BRANKO\branko\Četvrta Godina\Autoelektronika\Autoelektronika-projekat\Autoelektronika-main\Projekat_radi_sve\Starter\FreeRTOS\tasks.c(4155,6): warning C4566: character represented by universal-character-name '\u010C' cannot be represented in the current code page (1252)
F:\BRANKO\branko\Četvrta Godina\Autoelektronika\Autoelektronika-projekat\Autoelektronika-main\Projekat_radi_sve\Starter\FreeRTOS\tasks.c(4720,3): warning C4566: character represented by universal-character-name '\u010C' cannot be represented in the current code page (1252)
F:\BRANKO\branko\Četvrta Godina\Autoelektronika\Autoelektronika-projekat\Autoelektronika-main\Projekat_radi_sve\Starter\FreeRTOS\tasks.c(4769,6): warning C4566: character represented by universal-character-name '\u010C' cannot be represented in the current code page (1252)
F:\BRANKO\branko\Četvrta Godina\Autoelektronika\Autoelektronika-projekat\Autoelektronika-main\Projekat_radi_sve\Starter\FreeRTOS\tasks.c(4784,5): warning C4566: character represented by universal-character-name '\u010C' cannot be represented in the current code page (1252)
F:\BRANKO\branko\Četvrta Godina\Autoelektronika\Autoelektronika-projekat\Autoelektronika-main\Projekat_radi_sve\Starter\FreeRTOS\tasks.c(4835,3): warning C4566: character represented by universal-character-name '\u010C' cannot be represented in the current code page (1252)
F:\BRANKO\branko\Četvrta Godina\Autoelektronika\Autoelektronika-projekat\Autoelektronika-main\Projekat_radi_sve\Starter\FreeRTOS\tasks.c(4902,6): warning C4566: character represented by universal-character-name '\u010C' cannot be represented in the current code page (1252)
F:\BRANKO\branko\Četvrta Godina\Autoelektronika\Autoelektronika-projekat\Autoelektronika-main\Projekat_radi_sve\Starter\FreeRTOS\tasks.c(4913,5): warning C4566: character represented by universal-character-name '\u010C' cannot be represented in the current code page (1252)
F:\BRANKO\branko\Četvrta Godina\Autoelektronika\Autoelektronika-projekat\Autoelektronika-main\Projekat_radi_sve\Starter\FreeRTOS\tasks.c(4963,3): warning C4566: character represented by universal-character-name '\u010C' cannot be represented in the current code page (1252)
F:\BRANKO\branko\Četvrta Godina\Autoelektronika\Autoelektronika-projekat\Autoelektronika-main\Projekat_radi_sve\Starter\FreeRTOS\tasks.c(5001,5): warning C4566: character represented by universal-character-name '\u010C' cannot be represented in the current code page (1252)
  timers.c
F:\BRANKO\branko\Četvrta Godina\Autoelektronika\Autoelektronika-projekat\Autoelektronika-main\Projekat_radi_sve\Starter\FreeRTOS\timers.c(275,2): warning C4566: character represented by universal-character-name '\u010C' cannot be represented in the current code page (1252)
F:\BRANKO\branko\Četvrta Godina\Autoelektronika\Autoelektronika-projekat\Autoelektronika-main\Projekat_radi_sve\Starter\FreeRTOS\timers.c(357,2): warning C4566: character represented by universal-character-name '\u010C' cannot be represented in the current code page (1252)
F:\BRANKO\branko\Četvrta Godina\Autoelektronika\Autoelektronika-projekat\Autoelektronika-main\Projekat_radi_sve\Starter\FreeRTOS\timers.c(386,2): warning C4566: character represented by universal-character-name '\u010C' cannot be represented in the current code page (1252)
F:\BRANKO\branko\Četvrta Godina\Autoelektronika\Autoelektronika-projekat\Autoelektronika-main\Projekat_radi_sve\Starter\FreeRTOS\timers.c(428,2): warning C4566: character represented by universal-character-name '\u010C' cannot be represented in the current code page (1252)
F:\BRANKO\branko\Četvrta Godina\Autoelektronika\Autoelektronika-projekat\Autoelektronika-main\Projekat_radi_sve\Starter\FreeRTOS\timers.c(437,2): warning C4566: character represented by universal-character-name '\u010C' cannot be represented in the current code page (1252)
F:\BRANKO\branko\Četvrta Godina\Autoelektronika\Autoelektronika-projekat\Autoelektronika-main\Projekat_radi_sve\Starter\FreeRTOS\timers.c(446,2): warning C4566: character represented by universal-character-name '\u010C' cannot be represented in the current code page (1252)
F:\BRANKO\branko\Četvrta Godina\Autoelektronika\Autoelektronika-projekat\Autoelektronika-main\Projekat_radi_sve\Starter\FreeRTOS\timers.c(467,2): warning C4566: character represented by universal-character-name '\u010C' cannot be represented in the current code page (1252)
F:\BRANKO\branko\Četvrta Godina\Autoelektronika\Autoelektronika-projekat\Autoelektronika-main\Projekat_radi_sve\Starter\FreeRTOS\timers.c(477,2): warning C4566: character represented by universal-character-name '\u010C' cannot be represented in the current code page (1252)
F:\BRANKO\branko\Četvrta Godina\Autoelektronika\Autoelektronika-projekat\Autoelektronika-main\Projekat_radi_sve\Starter\FreeRTOS\timers.c(504,4): warning C4566: character represented by universal-character-name '\u010C' cannot be represented in the current code page (1252)
F:\BRANKO\branko\Četvrta Godina\Autoelektronika\Autoelektronika-projekat\Autoelektronika-main\Projekat_radi_sve\Starter\FreeRTOS\timers.c(728,5): warning C4566: character represented by universal-character-name '\u010C' cannot be represented in the current code page (1252)
F:\BRANKO\branko\Četvrta Godina\Autoelektronika\Autoelektronika-projekat\Autoelektronika-main\Projekat_radi_sve\Starter\FreeRTOS\timers.c(787,8): warning C4566: character represented by universal-character-name '\u010C' cannot be represented in the current code page (1252)
F:\BRANKO\branko\Četvrta Godina\Autoelektronika\Autoelektronika-projekat\Autoelektronika-main\Projekat_radi_sve\Starter\FreeRTOS\timers.c(811,6): warning C4566: character represented by universal-character-name '\u010C' cannot be represented in the current code page (1252)
F:\BRANKO\branko\Četvrta Godina\Autoelektronika\Autoelektronika-projekat\Autoelektronika-main\Projekat_radi_sve\Starter\FreeRTOS\timers.c(900,5): warning C4566: character represented by universal-character-name '\u010C' cannot be represented in the current code page (1252)
F:\BRANKO\branko\Četvrta Godina\Autoelektronika\Autoelektronika-projekat\Autoelektronika-main\Projekat_radi_sve\Starter\FreeRTOS\timers.c(972,2): warning C4566: character represented by universal-character-name '\u010C' cannot be represented in the current code page (1252)
F:\BRANKO\branko\Četvrta Godina\Autoelektronika\Autoelektronika-projekat\Autoelektronika-main\Projekat_radi_sve\Starter\FreeRTOS\timers.c(997,2): warning C4566: character represented by universal-character-name '\u010C' cannot be represented in the current code page (1252)
F:\BRANKO\branko\Četvrta Godina\Autoelektronika\Autoelektronika-projekat\Autoelektronika-main\Projekat_radi_sve\Starter\FreeRTOS\timers.c(1013,2): warning C4566: character represented by universal-character-name '\u010C' cannot be represented in the current code page (1252)
F:\BRANKO\branko\Četvrta Godina\Autoelektronika\Autoelektronika-projekat\Autoelektronika-main\Projekat_radi_sve\Starter\FreeRTOS\timers.c(1057,3): warning C4566: character represented by universal-character-name '\u010C' cannot be represented in the current code page (1252)
  HW_access.c
  main.c
F:\BRANKO\branko\Četvrta Godina\Autoelektronika\Autoelektronika-projekat\Autoelektronika-main\Projekat_radi_sve\Starter\main.c(42,27): warning C4566: character represented by universal-character-name '\u010C' cannot be represented in the current code page (1252)
F:\BRANKO\branko\Četvrta Godina\Autoelektronika\Autoelektronika-projekat\Autoelektronika-main\Projekat_radi_sve\Starter\main.c(70,27): warning C4566: character represented by universal-character-name '\u010C' cannot be represented in the current code page (1252)
  main_application.c
F:\BRANKO\branko\Četvrta Godina\Autoelektronika\Autoelektronika-projekat\Autoelektronika-main\Projekat_radi_sve\Starter\main_application.c(2,10): warning C4067: unexpected tokens following preprocessor directive - expected a newline
  Generating Code...
  Starter.vcxproj -> F:\BRANKO\branko\Četvrta Godina\Autoelektronika\Autoelektronika-projekat\Autoelektronika-main\Projekat_radi_sve\Starter\Debug\Starter.exe
